Arguments: 
  C:\Program Files\nodejs\node.exe C:\Users\anderson.coelho\AppData\Roaming\npm\node_modules\yarn\bin\yarn.js init

PATH: 
  C:\Program Files\WindowsApps\Microsoft.WindowsTerminal_1.14.1962.0_x64__8wekyb3d8bbwe;C:\Python310\Scripts\;C:\Python310\;C:\Program Files (x86)\Common Files\Oracle\Java\javapath;C:\Windows\system32;C:\Windows;C:\Windows\System32\Wbem;C:\Windows\System32\WindowsPowerShell\v1.0\;C:\Windows\System32\OpenSSH\;C:\Program Files (x86)\Intel\Intel(R) Management Engine Components\DAL;C:\Program Files\Intel\Intel(R) Management Engine Components\DAL;D:\Git\cmd;C:\Program Files\dotnet\;C:\composer;D:\Gow\bin;D:\php;C:\Program Files\PostgreSQL\14\bin;C:\ProgramData\chocolatey\bin;C:\Users\anderson.coelho\AppData\Roaming\nvm;C:\Program Files\nodejs;C:\Program Files\Docker\Docker\resources\bin;C:\ProgramData\DockerDesktop\version-bin;C:\Users\anderson.coelho\AppData\Local\Microsoft\WindowsApps;C:\Users\anderson.coelho\AppData\Roaming\Composer\vendor\bin;D:\php;C:\Users\anderson.coelho\AppData\Roaming\npm;C:\Users\anderson.coelho\AppData\Roaming\nvm;C:\Program Files\nodejs;C:\Users\anderson.coelho\AppData\Local\Programs\Microsoft VS Code\bin;D:\PsychoPy;D:\PsychoPy\DLLs

Yarn version: 
  1.22.18

Node version: 
  16.15.1

Platform: 
  win32 x64

Trace: 
  Error: canceled
      at Interface.<anonymous> (C:\Users\anderson.coelho\AppData\Roaming\npm\node_modules\yarn\lib\cli.js:137143:13)
      at Interface.emit (node:events:527:28)
      at Interface._ttyWrite (node:readline:1081:16)
      at ReadStream.onkeypress (node:readline:288:10)
      at ReadStream.emit (node:events:527:28)
      at emitKeys (node:internal/readline/utils:358:14)
      at emitKeys.next (<anonymous>)
      at ReadStream.onData (node:internal/readline/emitKeypressEvents:61:36)
      at ReadStream.emit (node:events:527:28)
      at addChunk (node:internal/streams/readable:315:12)

npm manifest: 
  No manifest

yarn manifest: 
  No manifest

Lockfile: 
  No lockfile
